2013/03/21 16:12:14 [error] [exception.CException] exception 'CException' with message 'Property "Admin.tipoUsuario" is not defined.' in /Applications/XAMPP/xamppfiles/htdocs/yii-1.1.10.r3566/framework/base/CComponent.php:131
Stack trace:
#0 /Applications/XAMPP/xamppfiles/htdocs/yii-1.1.10.r3566/framework/db/ar/CActiveRecord.php(144): CComponent->__get('tipoUsuario')
#1 /Applications/XAMPP/xamppfiles/htdocs/josecuervo/protected/components/UserIdentity.php(33): CActiveRecord->__get('tipoUsuario')
#2 /Applications/XAMPP/xamppfiles/htdocs/josecuervo/protected/models/LoginForm.php(52): UserIdentity->authenticate()
#3 /Applications/XAMPP/xamppfiles/htdocs/yii-1.1.10.r3566/framework/validators/CInlineValidator.php(43): LoginForm->authenticate('password', Array)
#4 /Applications/XAMPP/xamppfiles/htdocs/yii-1.1.10.r3566/framework/validators/CValidator.php(197): CInlineValidator->validateAttribute(Object(LoginForm), 'password')
#5 /Applications/XAMPP/xamppfiles/htdocs/yii-1.1.10.r3566/framework/base/CModel.php(158): CValidator->validate(Object(LoginForm), NULL)
#6 /Applications/XAMPP/xamppfiles/htdocs/josecuervo/protected/controllers/SiteController.php(88): CModel->validate()
#7 /Applications/XAMPP/xamppfiles/htdocs/yii-1.1.10.r3566/framework/web/actions/CInlineAction.php(50): SiteController->actionLogin()
#8 /Applications/XAMPP/xamppfiles/htdocs/yii-1.1.10.r3566/framework/web/CController.php(309): CInlineAction->runWithParams(Array)
#9 /Applications/XAMPP/xamppfiles/htdocs/yii-1.1.10.r3566/framework/web/CController.php(287): CController->runAction(Object(CInlineAction))
#10 /Applications/XAMPP/xamppfiles/htdocs/yii-1.1.10.r3566/framework/web/CController.php(266): CController->runActionWithFilters(Object(CInlineAction), Array)
#11 /Applications/XAMPP/xamppfiles/htdocs/yii-1.1.10.r3566/framework/web/CWebApplication.php(276): CController->run('login')
#12 /Applications/XAMPP/xamppfiles/htdocs/yii-1.1.10.r3566/framework/web/CWebApplication.php(135): CWebApplication->runController('site/login')
#13 /Applications/XAMPP/xamppfiles/htdocs/yii-1.1.10.r3566/framework/base/CApplication.php(162): CWebApplication->processRequest()
#14 /Applications/XAMPP/xamppfiles/htdocs/josecuervo/index.php(13): CApplication->run()
#15 {main}
REQUEST_URI=/josecuervo/index.php?r=site/login
HTTP_REFERER=http://localhost/josecuervo/index.php?r=site/login
---
2013/03/21 16:13:53 [error] [exception.CException] exception 'CException' with message 'Property "Admin.tipoUsuario" is not defined.' in /Applications/XAMPP/xamppfiles/htdocs/yii-1.1.10.r3566/framework/base/CComponent.php:131
Stack trace:
#0 /Applications/XAMPP/xamppfiles/htdocs/yii-1.1.10.r3566/framework/db/ar/CActiveRecord.php(144): CComponent->__get('tipoUsuario')
#1 /Applications/XAMPP/xamppfiles/htdocs/josecuervo/protected/components/UserIdentity.php(33): CActiveRecord->__get('tipoUsuario')
#2 /Applications/XAMPP/xamppfiles/htdocs/josecuervo/protected/models/LoginForm.php(52): UserIdentity->authenticate()
#3 /Applications/XAMPP/xamppfiles/htdocs/yii-1.1.10.r3566/framework/validators/CInlineValidator.php(43): LoginForm->authenticate('password', Array)
#4 /Applications/XAMPP/xamppfiles/htdocs/yii-1.1.10.r3566/framework/validators/CValidator.php(197): CInlineValidator->validateAttribute(Object(LoginForm), 'password')
#5 /Applications/XAMPP/xamppfiles/htdocs/yii-1.1.10.r3566/framework/base/CModel.php(158): CValidator->validate(Object(LoginForm), NULL)
#6 /Applications/XAMPP/xamppfiles/htdocs/josecuervo/protected/controllers/SiteController.php(88): CModel->validate()
#7 /Applications/XAMPP/xamppfiles/htdocs/yii-1.1.10.r3566/framework/web/actions/CInlineAction.php(50): SiteController->actionLogin()
#8 /Applications/XAMPP/xamppfiles/htdocs/yii-1.1.10.r3566/framework/web/CController.php(309): CInlineAction->runWithParams(Array)
#9 /Applications/XAMPP/xamppfiles/htdocs/yii-1.1.10.r3566/framework/web/CController.php(287): CController->runAction(Object(CInlineAction))
#10 /Applications/XAMPP/xamppfiles/htdocs/yii-1.1.10.r3566/framework/web/CController.php(266): CController->runActionWithFilters(Object(CInlineAction), Array)
#11 /Applications/XAMPP/xamppfiles/htdocs/yii-1.1.10.r3566/framework/web/CWebApplication.php(276): CController->run('login')
#12 /Applications/XAMPP/xamppfiles/htdocs/yii-1.1.10.r3566/framework/web/CWebApplication.php(135): CWebApplication->runController('site/login')
#13 /Applications/XAMPP/xamppfiles/htdocs/yii-1.1.10.r3566/framework/base/CApplication.php(162): CWebApplication->processRequest()
#14 /Applications/XAMPP/xamppfiles/htdocs/josecuervo/index.php(13): CApplication->run()
#15 {main}
REQUEST_URI=/josecuervo/index.php?r=site/login
HTTP_REFERER=http://localhost/josecuervo/index.php?r=site/login
---
2013/03/21 16:13:57 [error] [exception.CException] exception 'CException' with message 'Property "Admin.tipoUsuario" is not defined.' in /Applications/XAMPP/xamppfiles/htdocs/yii-1.1.10.r3566/framework/base/CComponent.php:131
Stack trace:
#0 /Applications/XAMPP/xamppfiles/htdocs/yii-1.1.10.r3566/framework/db/ar/CActiveRecord.php(144): CComponent->__get('tipoUsuario')
#1 /Applications/XAMPP/xamppfiles/htdocs/josecuervo/protected/components/UserIdentity.php(33): CActiveRecord->__get('tipoUsuario')
#2 /Applications/XAMPP/xamppfiles/htdocs/josecuervo/protected/models/LoginForm.php(52): UserIdentity->authenticate()
#3 /Applications/XAMPP/xamppfiles/htdocs/yii-1.1.10.r3566/framework/validators/CInlineValidator.php(43): LoginForm->authenticate('password', Array)
#4 /Applications/XAMPP/xamppfiles/htdocs/yii-1.1.10.r3566/framework/validators/CValidator.php(197): CInlineValidator->validateAttribute(Object(LoginForm), 'password')
#5 /Applications/XAMPP/xamppfiles/htdocs/yii-1.1.10.r3566/framework/base/CModel.php(158): CValidator->validate(Object(LoginForm), NULL)
#6 /Applications/XAMPP/xamppfiles/htdocs/josecuervo/protected/controllers/SiteController.php(88): CModel->validate()
#7 /Applications/XAMPP/xamppfiles/htdocs/yii-1.1.10.r3566/framework/web/actions/CInlineAction.php(50): SiteController->actionLogin()
#8 /Applications/XAMPP/xamppfiles/htdocs/yii-1.1.10.r3566/framework/web/CController.php(309): CInlineAction->runWithParams(Array)
#9 /Applications/XAMPP/xamppfiles/htdocs/yii-1.1.10.r3566/framework/web/CController.php(287): CController->runAction(Object(CInlineAction))
#10 /Applications/XAMPP/xamppfiles/htdocs/yii-1.1.10.r3566/framework/web/CController.php(266): CController->runActionWithFilters(Object(CInlineAction), Array)
#11 /Applications/XAMPP/xamppfiles/htdocs/yii-1.1.10.r3566/framework/web/CWebApplication.php(276): CController->run('login')
#12 /Applications/XAMPP/xamppfiles/htdocs/yii-1.1.10.r3566/framework/web/CWebApplication.php(135): CWebApplication->runController('site/login')
#13 /Applications/XAMPP/xamppfiles/htdocs/yii-1.1.10.r3566/framework/base/CApplication.php(162): CWebApplication->processRequest()
#14 /Applications/XAMPP/xamppfiles/htdocs/josecuervo/index.php(13): CApplication->run()
#15 {main}
REQUEST_URI=/josecuervo/index.php?r=site/login
HTTP_REFERER=http://localhost/josecuervo/index.php?r=site/login
---
2013/03/21 16:16:14 [error] [exception.CHttpException.403] exception 'CHttpException' with message 'You are not authorized to perform this action.' in /Applications/XAMPP/xamppfiles/htdocs/yii-1.1.10.r3566/framework/web/auth/CAccessControlFilter.php:157
Stack trace:
#0 /Applications/XAMPP/xamppfiles/htdocs/yii-1.1.10.r3566/framework/web/auth/CAccessControlFilter.php(120): CAccessControlFilter->accessDenied(Object(CWebUser), 'You are not aut...')
#1 /Applications/XAMPP/xamppfiles/htdocs/yii-1.1.10.r3566/framework/web/filters/CFilter.php(39): CAccessControlFilter->preFilter(Object(CFilterChain))
#2 /Applications/XAMPP/xamppfiles/htdocs/yii-1.1.10.r3566/framework/web/CController.php(1146): CFilter->filter(Object(CFilterChain))
#3 /Applications/XAMPP/xamppfiles/htdocs/yii-1.1.10.r3566/framework/web/filters/CInlineFilter.php(59): CController->filterAccessControl(Object(CFilterChain))
#4 /Applications/XAMPP/xamppfiles/htdocs/yii-1.1.10.r3566/framework/web/filters/CFilterChain.php(131): CInlineFilter->filter(Object(CFilterChain))
#5 /Applications/XAMPP/xamppfiles/htdocs/yii-1.1.10.r3566/framework/web/CController.php(292): CFilterChain->run()
#6 /Applications/XAMPP/xamppfiles/htdocs/yii-1.1.10.r3566/framework/web/CController.php(266): CController->runActionWithFilters(Object(CInlineAction), Array)
#7 /Applications/XAMPP/xamppfiles/htdocs/yii-1.1.10.r3566/framework/web/CWebApplication.php(276): CController->run('create')
#8 /Applications/XAMPP/xamppfiles/htdocs/yii-1.1.10.r3566/framework/web/CWebApplication.php(135): CWebApplication->runController('tiporopa/create')
#9 /Applications/XAMPP/xamppfiles/htdocs/yii-1.1.10.r3566/framework/base/CApplication.php(162): CWebApplication->processRequest()
#10 /Applications/XAMPP/xamppfiles/htdocs/josecuervo/index.php(13): CApplication->run()
#11 {main}
REQUEST_URI=/josecuervo/index.php?r=tiporopa/create
HTTP_REFERER=http://localhost/josecuervo/index.php?r=tiporopa
---
2013/03/21 16:16:29 [error] [exception.CHttpException.403] exception 'CHttpException' with message 'You are not authorized to perform this action.' in /Applications/XAMPP/xamppfiles/htdocs/yii-1.1.10.r3566/framework/web/auth/CAccessControlFilter.php:157
Stack trace:
#0 /Applications/XAMPP/xamppfiles/htdocs/yii-1.1.10.r3566/framework/web/auth/CAccessControlFilter.php(120): CAccessControlFilter->accessDenied(Object(CWebUser), 'You are not aut...')
#1 /Applications/XAMPP/xamppfiles/htdocs/yii-1.1.10.r3566/framework/web/filters/CFilter.php(39): CAccessControlFilter->preFilter(Object(CFilterChain))
#2 /Applications/XAMPP/xamppfiles/htdocs/yii-1.1.10.r3566/framework/web/CController.php(1146): CFilter->filter(Object(CFilterChain))
#3 /Applications/XAMPP/xamppfiles/htdocs/yii-1.1.10.r3566/framework/web/filters/CInlineFilter.php(59): CController->filterAccessControl(Object(CFilterChain))
#4 /Applications/XAMPP/xamppfiles/htdocs/yii-1.1.10.r3566/framework/web/filters/CFilterChain.php(131): CInlineFilter->filter(Object(CFilterChain))
#5 /Applications/XAMPP/xamppfiles/htdocs/yii-1.1.10.r3566/framework/web/CController.php(292): CFilterChain->run()
#6 /Applications/XAMPP/xamppfiles/htdocs/yii-1.1.10.r3566/framework/web/CController.php(266): CController->runActionWithFilters(Object(CInlineAction), Array)
#7 /Applications/XAMPP/xamppfiles/htdocs/yii-1.1.10.r3566/framework/web/CWebApplication.php(276): CController->run('admin')
#8 /Applications/XAMPP/xamppfiles/htdocs/yii-1.1.10.r3566/framework/web/CWebApplication.php(135): CWebApplication->runController('tiporopa/admin')
#9 /Applications/XAMPP/xamppfiles/htdocs/yii-1.1.10.r3566/framework/base/CApplication.php(162): CWebApplication->processRequest()
#10 /Applications/XAMPP/xamppfiles/htdocs/josecuervo/index.php(13): CApplication->run()
#11 {main}
REQUEST_URI=/josecuervo/index.php?r=tiporopa/admin
HTTP_REFERER=http://localhost/josecuervo/index.php?r=tiporopa
---
2013/03/21 16:17:12 [error] [exception.CHttpException.403] exception 'CHttpException' with message 'You are not authorized to perform this action.' in /Applications/XAMPP/xamppfiles/htdocs/yii-1.1.10.r3566/framework/web/auth/CAccessControlFilter.php:157
Stack trace:
#0 /Applications/XAMPP/xamppfiles/htdocs/yii-1.1.10.r3566/framework/web/auth/CAccessControlFilter.php(120): CAccessControlFilter->accessDenied(Object(CWebUser), 'You are not aut...')
#1 /Applications/XAMPP/xamppfiles/htdocs/yii-1.1.10.r3566/framework/web/filters/CFilter.php(39): CAccessControlFilter->preFilter(Object(CFilterChain))
#2 /Applications/XAMPP/xamppfiles/htdocs/yii-1.1.10.r3566/framework/web/CController.php(1146): CFilter->filter(Object(CFilterChain))
#3 /Applications/XAMPP/xamppfiles/htdocs/yii-1.1.10.r3566/framework/web/filters/CInlineFilter.php(59): CController->filterAccessControl(Object(CFilterChain))
#4 /Applications/XAMPP/xamppfiles/htdocs/yii-1.1.10.r3566/framework/web/filters/CFilterChain.php(131): CInlineFilter->filter(Object(CFilterChain))
#5 /Applications/XAMPP/xamppfiles/htdocs/yii-1.1.10.r3566/framework/web/CController.php(292): CFilterChain->run()
#6 /Applications/XAMPP/xamppfiles/htdocs/yii-1.1.10.r3566/framework/web/CController.php(266): CController->runActionWithFilters(Object(CInlineAction), Array)
#7 /Applications/XAMPP/xamppfiles/htdocs/yii-1.1.10.r3566/framework/web/CWebApplication.php(276): CController->run('admin')
#8 /Applications/XAMPP/xamppfiles/htdocs/yii-1.1.10.r3566/framework/web/CWebApplication.php(135): CWebApplication->runController('tiporopa/admin')
#9 /Applications/XAMPP/xamppfiles/htdocs/yii-1.1.10.r3566/framework/base/CApplication.php(162): CWebApplication->processRequest()
#10 /Applications/XAMPP/xamppfiles/htdocs/josecuervo/index.php(13): CApplication->run()
#11 {main}
REQUEST_URI=/josecuervo/index.php?r=tiporopa/admin
HTTP_REFERER=http://localhost/josecuervo/index.php?r=tiporopa
---
2013/03/21 16:24:29 [error] [system.db.CDbCommand] CDbCommand::execute() failed: SQLSTATE[23000]: Integrity constraint violation: 1062 Duplicate entry '0' for key 'PRIMARY'. The SQL statement executed was: INSERT INTO `tbl_tipo_ropa` (`tipo_ropa`) VALUES (:yp0).
in /Applications/XAMPP/xamppfiles/htdocs/josecuervo/protected/controllers/TiporopaController.php (73)
in /Applications/XAMPP/xamppfiles/htdocs/josecuervo/index.php (13)
2013/03/21 16:24:29 [error] [exception.CDbException] exception 'CDbException' with message 'CDbCommand failed to execute the SQL statement: SQLSTATE[23000]: Integrity constraint violation: 1062 Duplicate entry '0' for key 'PRIMARY'. The SQL statement executed was: INSERT INTO `tbl_tipo_ropa` (`tipo_ropa`) VALUES (:yp0)' in /Applications/XAMPP/xamppfiles/htdocs/yii-1.1.10.r3566/framework/db/CDbCommand.php:354
Stack trace:
#0 /Applications/XAMPP/xamppfiles/htdocs/yii-1.1.10.r3566/framework/db/ar/CActiveRecord.php(1014): CDbCommand->execute()
#1 /Applications/XAMPP/xamppfiles/htdocs/yii-1.1.10.r3566/framework/db/ar/CActiveRecord.php(787): CActiveRecord->insert(NULL)
#2 /Applications/XAMPP/xamppfiles/htdocs/josecuervo/protected/controllers/TiporopaController.php(73): CActiveRecord->save()
#3 /Applications/XAMPP/xamppfiles/htdocs/yii-1.1.10.r3566/framework/web/actions/CInlineAction.php(50): TipoRopaController->actionCreate()
#4 /Applications/XAMPP/xamppfiles/htdocs/yii-1.1.10.r3566/framework/web/CController.php(309): CInlineAction->runWithParams(Array)
#5 /Applications/XAMPP/xamppfiles/htdocs/yii-1.1.10.r3566/framework/web/filters/CFilterChain.php(134): CController->runAction(Object(CInlineAction))
#6 /Applications/XAMPP/xamppfiles/htdocs/yii-1.1.10.r3566/framework/web/filters/CFilter.php(41): CFilterChain->run()
#7 /Applications/XAMPP/xamppfiles/htdocs/yii-1.1.10.r3566/framework/web/CController.php(1146): CFilter->filter(Object(CFilterChain))
#8 /Applications/XAMPP/xamppfiles/htdocs/yii-1.1.10.r3566/framework/web/filters/CInlineFilter.php(59): CController->filterAccessControl(Object(CFilterChain))
#9 /Applications/XAMPP/xamppfiles/htdocs/yii-1.1.10.r3566/framework/web/filters/CFilterChain.php(131): CInlineFilter->filter(Object(CFilterChain))
#10 /Applications/XAMPP/xamppfiles/htdocs/yii-1.1.10.r3566/framework/web/CController.php(292): CFilterChain->run()
#11 /Applications/XAMPP/xamppfiles/htdocs/yii-1.1.10.r3566/framework/web/CController.php(266): CController->runActionWithFilters(Object(CInlineAction), Array)
#12 /Applications/XAMPP/xamppfiles/htdocs/yii-1.1.10.r3566/framework/web/CWebApplication.php(276): CController->run('create')
#13 /Applications/XAMPP/xamppfiles/htdocs/yii-1.1.10.r3566/framework/web/CWebApplication.php(135): CWebApplication->runController('tiporopa/create')
#14 /Applications/XAMPP/xamppfiles/htdocs/yii-1.1.10.r3566/framework/base/CApplication.php(162): CWebApplication->processRequest()
#15 /Applications/XAMPP/xamppfiles/htdocs/josecuervo/index.php(13): CApplication->run()
#16 {main}
REQUEST_URI=/josecuervo/index.php?r=tiporopa/create
HTTP_REFERER=http://localhost/josecuervo/index.php?r=tiporopa/create
---
2013/03/21 16:53:07 [error] [exception.CException] exception 'CException' with message 'Ropa and its behaviors do not have a method or closure named "enumItem".' in /Applications/XAMPP/xamppfiles/htdocs/yii-1.1.10.r3566/framework/base/CComponent.php:266
Stack trace:
#0 /Applications/XAMPP/xamppfiles/htdocs/yii-1.1.10.r3566/framework/db/ar/CActiveRecord.php(226): CComponent->__call('enumItem', Array)
#1 [internal function]: CActiveRecord->__call('enumItem', Array)
#2 /Applications/XAMPP/xamppfiles/htdocs/josecuervo/protected/views/ropa/_form.php(20): Ropa->enumItem(Object(Ropa), 'complexion')
#3 /Applications/XAMPP/xamppfiles/htdocs/yii-1.1.10.r3566/framework/web/CBaseController.php(127): require('/Applications/X...')
#4 /Applications/XAMPP/xamppfiles/htdocs/yii-1.1.10.r3566/framework/web/CBaseController.php(96): CBaseController->renderInternal('/Applications/X...', Array, true)
#5 /Applications/XAMPP/xamppfiles/htdocs/yii-1.1.10.r3566/framework/web/CController.php(870): CBaseController->renderFile('/Applications/X...', Array, true)
#6 /Applications/XAMPP/xamppfiles/htdocs/josecuervo/protected/views/ropa/create.php(15): CController->renderPartial('_form', Array)
#7 /Applications/XAMPP/xamppfiles/htdocs/yii-1.1.10.r3566/framework/web/CBaseController.php(127): require('/Applications/X...')
#8 /Applications/XAMPP/xamppfiles/htdocs/yii-1.1.10.r3566/framework/web/CBaseController.php(96): CBaseController->renderInternal('/Applications/X...', Array, true)
#9 /Applications/XAMPP/xamppfiles/htdocs/yii-1.1.10.r3566/framework/web/CController.php(870): CBaseController->renderFile('/Applications/X...', Array, true)
#10 /Applications/XAMPP/xamppfiles/htdocs/yii-1.1.10.r3566/framework/web/CController.php(783): CController->renderPartial('create', Array, true)
#11 /Applications/XAMPP/xamppfiles/htdocs/josecuervo/protected/controllers/RopaController.php(78): CController->render('create', Array)
#12 /Applications/XAMPP/xamppfiles/htdocs/yii-1.1.10.r3566/framework/web/actions/CInlineAction.php(50): RopaController->actionCreate()
#13 /Applications/XAMPP/xamppfiles/htdocs/yii-1.1.10.r3566/framework/web/CController.php(309): CInlineAction->runWithParams(Array)
#14 /Applications/XAMPP/xamppfiles/htdocs/yii-1.1.10.r3566/framework/web/filters/CFilterChain.php(134): CController->runAction(Object(CInlineAction))
#15 /Applications/XAMPP/xamppfiles/htdocs/yii-1.1.10.r3566/framework/web/filters/CFilter.php(41): CFilterChain->run()
#16 /Applications/XAMPP/xamppfiles/htdocs/yii-1.1.10.r3566/framework/web/CController.php(1146): CFilter->filter(Object(CFilterChain))
#17 /Applications/XAMPP/xamppfiles/htdocs/yii-1.1.10.r3566/framework/web/filters/CInlineFilter.php(59): CController->filterAccessControl(Object(CFilterChain))
#18 /Applications/XAMPP/xamppfiles/htdocs/yii-1.1.10.r3566/framework/web/filters/CFilterChain.php(131): CInlineFilter->filter(Object(CFilterChain))
#19 /Applications/XAMPP/xamppfiles/htdocs/yii-1.1.10.r3566/framework/web/CController.php(292): CFilterChain->run()
#20 /Applications/XAMPP/xamppfiles/htdocs/yii-1.1.10.r3566/framework/web/CController.php(266): CController->runActionWithFilters(Object(CInlineAction), Array)
#21 /Applications/XAMPP/xamppfiles/htdocs/yii-1.1.10.r3566/framework/web/CWebApplication.php(276): CController->run('create')
#22 /Applications/XAMPP/xamppfiles/htdocs/yii-1.1.10.r3566/framework/web/CWebApplication.php(135): CWebApplication->runController('ropa/create')
#23 /Applications/XAMPP/xamppfiles/htdocs/yii-1.1.10.r3566/framework/base/CApplication.php(162): CWebApplication->processRequest()
#24 /Applications/XAMPP/xamppfiles/htdocs/josecuervo/index.php(13): CApplication->run()
#25 {main}
REQUEST_URI=/josecuervo/index.php?r=ropa/create
HTTP_REFERER=http://localhost/josecuervo/index.php?r=ropa
---
2013/03/21 17:09:07 [warning] [application] Failed to set unsafe attribute "id_ropa" of "Ropa".
in /Applications/XAMPP/xamppfiles/htdocs/josecuervo/protected/controllers/RopaController.php (71)
in /Applications/XAMPP/xamppfiles/htdocs/josecuervo/index.php (13)
2013/03/21 17:09:07 [error] [system.db.CDbCommand] CDbCommand::execute() failed: SQLSTATE[23000]: Integrity constraint violation: 1452 Cannot add or update a child row: a foreign key constraint fails (`jcuervodb`.`tbl_ropa`, CONSTRAINT `fk_tbl_ropa_tbl_tipo_ropa1` FOREIGN KEY (`id_tipo_ropa`) REFERENCES `tbl_tipo_ropa` (`id_tipo_ropa`) ON DELETE CASCADE ON UPDATE CASCADE). The SQL statement executed was: INSERT INTO `tbl_ropa` (`url`, `complexion`) VALUES (:yp0, :yp1).
in /Applications/XAMPP/xamppfiles/htdocs/josecuervo/protected/controllers/RopaController.php (72)
in /Applications/XAMPP/xamppfiles/htdocs/josecuervo/index.php (13)
2013/03/21 17:09:07 [error] [exception.CDbException] exception 'CDbException' with message 'CDbCommand failed to execute the SQL statement: SQLSTATE[23000]: Integrity constraint violation: 1452 Cannot add or update a child row: a foreign key constraint fails (`jcuervodb`.`tbl_ropa`, CONSTRAINT `fk_tbl_ropa_tbl_tipo_ropa1` FOREIGN KEY (`id_tipo_ropa`) REFERENCES `tbl_tipo_ropa` (`id_tipo_ropa`) ON DELETE CASCADE ON UPDATE CASCADE). The SQL statement executed was: INSERT INTO `tbl_ropa` (`url`, `complexion`) VALUES (:yp0, :yp1)' in /Applications/XAMPP/xamppfiles/htdocs/yii-1.1.10.r3566/framework/db/CDbCommand.php:354
Stack trace:
#0 /Applications/XAMPP/xamppfiles/htdocs/yii-1.1.10.r3566/framework/db/ar/CActiveRecord.php(1014): CDbCommand->execute()
#1 /Applications/XAMPP/xamppfiles/htdocs/yii-1.1.10.r3566/framework/db/ar/CActiveRecord.php(787): CActiveRecord->insert(NULL)
#2 /Applications/XAMPP/xamppfiles/htdocs/josecuervo/protected/controllers/RopaController.php(72): CActiveRecord->save()
#3 /Applications/XAMPP/xamppfiles/htdocs/yii-1.1.10.r3566/framework/web/actions/CInlineAction.php(50): RopaController->actionCreate()
#4 /Applications/XAMPP/xamppfiles/htdocs/yii-1.1.10.r3566/framework/web/CController.php(309): CInlineAction->runWithParams(Array)
#5 /Applications/XAMPP/xamppfiles/htdocs/yii-1.1.10.r3566/framework/web/filters/CFilterChain.php(134): CController->runAction(Object(CInlineAction))
#6 /Applications/XAMPP/xamppfiles/htdocs/yii-1.1.10.r3566/framework/web/filters/CFilter.php(41): CFilterChain->run()
#7 /Applications/XAMPP/xamppfiles/htdocs/yii-1.1.10.r3566/framework/web/CController.php(1146): CFilter->filter(Object(CFilterChain))
#8 /Applications/XAMPP/xamppfiles/htdocs/yii-1.1.10.r3566/framework/web/filters/CInlineFilter.php(59): CController->filterAccessControl(Object(CFilterChain))
#9 /Applications/XAMPP/xamppfiles/htdocs/yii-1.1.10.r3566/framework/web/filters/CFilterChain.php(131): CInlineFilter->filter(Object(CFilterChain))
#10 /Applications/XAMPP/xamppfiles/htdocs/yii-1.1.10.r3566/framework/web/CController.php(292): CFilterChain->run()
#11 /Applications/XAMPP/xamppfiles/htdocs/yii-1.1.10.r3566/framework/web/CController.php(266): CController->runActionWithFilters(Object(CInlineAction), Array)
#12 /Applications/XAMPP/xamppfiles/htdocs/yii-1.1.10.r3566/framework/web/CWebApplication.php(276): CController->run('create')
#13 /Applications/XAMPP/xamppfiles/htdocs/yii-1.1.10.r3566/framework/web/CWebApplication.php(135): CWebApplication->runController('ropa/create')
#14 /Applications/XAMPP/xamppfiles/htdocs/yii-1.1.10.r3566/framework/base/CApplication.php(162): CWebApplication->processRequest()
#15 /Applications/XAMPP/xamppfiles/htdocs/josecuervo/index.php(13): CApplication->run()
#16 {main}
REQUEST_URI=/josecuervo/index.php?r=ropa/create
HTTP_REFERER=http://localhost/josecuervo/index.php?r=ropa/create
---
2013/03/21 17:09:57 [warning] [application] Failed to set unsafe attribute "id_ropa" of "Ropa".
in /Applications/XAMPP/xamppfiles/htdocs/josecuervo/protected/controllers/RopaController.php (71)
in /Applications/XAMPP/xamppfiles/htdocs/josecuervo/index.php (13)
2013/03/21 17:09:57 [error] [system.db.CDbCommand] CDbCommand::execute() failed: SQLSTATE[23000]: Integrity constraint violation: 1452 Cannot add or update a child row: a foreign key constraint fails (`jcuervodb`.`tbl_ropa`, CONSTRAINT `fk_tbl_ropa_tbl_tipo_ropa1` FOREIGN KEY (`id_tipo_ropa`) REFERENCES `tbl_tipo_ropa` (`id_tipo_ropa`) ON DELETE CASCADE ON UPDATE CASCADE). The SQL statement executed was: INSERT INTO `tbl_ropa` (`url`, `complexion`) VALUES (:yp0, :yp1).
in /Applications/XAMPP/xamppfiles/htdocs/josecuervo/protected/controllers/RopaController.php (72)
in /Applications/XAMPP/xamppfiles/htdocs/josecuervo/index.php (13)
2013/03/21 17:09:57 [error] [exception.CDbException] exception 'CDbException' with message 'CDbCommand failed to execute the SQL statement: SQLSTATE[23000]: Integrity constraint violation: 1452 Cannot add or update a child row: a foreign key constraint fails (`jcuervodb`.`tbl_ropa`, CONSTRAINT `fk_tbl_ropa_tbl_tipo_ropa1` FOREIGN KEY (`id_tipo_ropa`) REFERENCES `tbl_tipo_ropa` (`id_tipo_ropa`) ON DELETE CASCADE ON UPDATE CASCADE). The SQL statement executed was: INSERT INTO `tbl_ropa` (`url`, `complexion`) VALUES (:yp0, :yp1)' in /Applications/XAMPP/xamppfiles/htdocs/yii-1.1.10.r3566/framework/db/CDbCommand.php:354
Stack trace:
#0 /Applications/XAMPP/xamppfiles/htdocs/yii-1.1.10.r3566/framework/db/ar/CActiveRecord.php(1014): CDbCommand->execute()
#1 /Applications/XAMPP/xamppfiles/htdocs/yii-1.1.10.r3566/framework/db/ar/CActiveRecord.php(787): CActiveRecord->insert(NULL)
#2 /Applications/XAMPP/xamppfiles/htdocs/josecuervo/protected/controllers/RopaController.php(72): CActiveRecord->save()
#3 /Applications/XAMPP/xamppfiles/htdocs/yii-1.1.10.r3566/framework/web/actions/CInlineAction.php(50): RopaController->actionCreate()
#4 /Applications/XAMPP/xamppfiles/htdocs/yii-1.1.10.r3566/framework/web/CController.php(309): CInlineAction->runWithParams(Array)
#5 /Applications/XAMPP/xamppfiles/htdocs/yii-1.1.10.r3566/framework/web/filters/CFilterChain.php(134): CController->runAction(Object(CInlineAction))
#6 /Applications/XAMPP/xamppfiles/htdocs/yii-1.1.10.r3566/framework/web/filters/CFilter.php(41): CFilterChain->run()
#7 /Applications/XAMPP/xamppfiles/htdocs/yii-1.1.10.r3566/framework/web/CController.php(1146): CFilter->filter(Object(CFilterChain))
#8 /Applications/XAMPP/xamppfiles/htdocs/yii-1.1.10.r3566/framework/web/filters/CInlineFilter.php(59): CController->filterAccessControl(Object(CFilterChain))
#9 /Applications/XAMPP/xamppfiles/htdocs/yii-1.1.10.r3566/framework/web/filters/CFilterChain.php(131): CInlineFilter->filter(Object(CFilterChain))
#10 /Applications/XAMPP/xamppfiles/htdocs/yii-1.1.10.r3566/framework/web/CController.php(292): CFilterChain->run()
#11 /Applications/XAMPP/xamppfiles/htdocs/yii-1.1.10.r3566/framework/web/CController.php(266): CController->runActionWithFilters(Object(CInlineAction), Array)
#12 /Applications/XAMPP/xamppfiles/htdocs/yii-1.1.10.r3566/framework/web/CWebApplication.php(276): CController->run('create')
#13 /Applications/XAMPP/xamppfiles/htdocs/yii-1.1.10.r3566/framework/web/CWebApplication.php(135): CWebApplication->runController('ropa/create')
#14 /Applications/XAMPP/xamppfiles/htdocs/yii-1.1.10.r3566/framework/base/CApplication.php(162): CWebApplication->processRequest()
#15 /Applications/XAMPP/xamppfiles/htdocs/josecuervo/index.php(13): CApplication->run()
#16 {main}
REQUEST_URI=/josecuervo/index.php?r=ropa/create
HTTP_REFERER=http://localhost/josecuervo/index.php?r=ropa/create
---
2013/03/21 17:11:04 [warning] [application] Failed to set unsafe attribute "id_ropa" of "Ropa".
in /Applications/XAMPP/xamppfiles/htdocs/josecuervo/protected/controllers/RopaController.php (71)
in /Applications/XAMPP/xamppfiles/htdocs/josecuervo/index.php (13)
2013/03/21 17:11:04 [error] [system.db.CDbCommand] CDbCommand::execute() failed: SQLSTATE[23000]: Integrity constraint violation: 1452 Cannot add or update a child row: a foreign key constraint fails (`jcuervodb`.`tbl_ropa`, CONSTRAINT `fk_tbl_ropa_tbl_tipo_ropa1` FOREIGN KEY (`id_tipo_ropa`) REFERENCES `tbl_tipo_ropa` (`id_tipo_ropa`) ON DELETE CASCADE ON UPDATE CASCADE). The SQL statement executed was: INSERT INTO `tbl_ropa` (`url`, `complexion`) VALUES (:yp0, :yp1).
in /Applications/XAMPP/xamppfiles/htdocs/josecuervo/protected/controllers/RopaController.php (72)
in /Applications/XAMPP/xamppfiles/htdocs/josecuervo/index.php (13)
2013/03/21 17:11:04 [error] [exception.CDbException] exception 'CDbException' with message 'CDbCommand failed to execute the SQL statement: SQLSTATE[23000]: Integrity constraint violation: 1452 Cannot add or update a child row: a foreign key constraint fails (`jcuervodb`.`tbl_ropa`, CONSTRAINT `fk_tbl_ropa_tbl_tipo_ropa1` FOREIGN KEY (`id_tipo_ropa`) REFERENCES `tbl_tipo_ropa` (`id_tipo_ropa`) ON DELETE CASCADE ON UPDATE CASCADE). The SQL statement executed was: INSERT INTO `tbl_ropa` (`url`, `complexion`) VALUES (:yp0, :yp1)' in /Applications/XAMPP/xamppfiles/htdocs/yii-1.1.10.r3566/framework/db/CDbCommand.php:354
Stack trace:
#0 /Applications/XAMPP/xamppfiles/htdocs/yii-1.1.10.r3566/framework/db/ar/CActiveRecord.php(1014): CDbCommand->execute()
#1 /Applications/XAMPP/xamppfiles/htdocs/yii-1.1.10.r3566/framework/db/ar/CActiveRecord.php(787): CActiveRecord->insert(NULL)
#2 /Applications/XAMPP/xamppfiles/htdocs/josecuervo/protected/controllers/RopaController.php(72): CActiveRecord->save()
#3 /Applications/XAMPP/xamppfiles/htdocs/yii-1.1.10.r3566/framework/web/actions/CInlineAction.php(50): RopaController->actionCreate()
#4 /Applications/XAMPP/xamppfiles/htdocs/yii-1.1.10.r3566/framework/web/CController.php(309): CInlineAction->runWithParams(Array)
#5 /Applications/XAMPP/xamppfiles/htdocs/yii-1.1.10.r3566/framework/web/filters/CFilterChain.php(134): CController->runAction(Object(CInlineAction))
#6 /Applications/XAMPP/xamppfiles/htdocs/yii-1.1.10.r3566/framework/web/filters/CFilter.php(41): CFilterChain->run()
#7 /Applications/XAMPP/xamppfiles/htdocs/yii-1.1.10.r3566/framework/web/CController.php(1146): CFilter->filter(Object(CFilterChain))
#8 /Applications/XAMPP/xamppfiles/htdocs/yii-1.1.10.r3566/framework/web/filters/CInlineFilter.php(59): CController->filterAccessControl(Object(CFilterChain))
#9 /Applications/XAMPP/xamppfiles/htdocs/yii-1.1.10.r3566/framework/web/filters/CFilterChain.php(131): CInlineFilter->filter(Object(CFilterChain))
#10 /Applications/XAMPP/xamppfiles/htdocs/yii-1.1.10.r3566/framework/web/CController.php(292): CFilterChain->run()
#11 /Applications/XAMPP/xamppfiles/htdocs/yii-1.1.10.r3566/framework/web/CController.php(266): CController->runActionWithFilters(Object(CInlineAction), Array)
#12 /Applications/XAMPP/xamppfiles/htdocs/yii-1.1.10.r3566/framework/web/CWebApplication.php(276): CController->run('create')
#13 /Applications/XAMPP/xamppfiles/htdocs/yii-1.1.10.r3566/framework/web/CWebApplication.php(135): CWebApplication->runController('ropa/create')
#14 /Applications/XAMPP/xamppfiles/htdocs/yii-1.1.10.r3566/framework/base/CApplication.php(162): CWebApplication->processRequest()
#15 /Applications/XAMPP/xamppfiles/htdocs/josecuervo/index.php(13): CApplication->run()
#16 {main}
REQUEST_URI=/josecuervo/index.php?r=ropa/create
HTTP_REFERER=http://localhost/josecuervo/index.php?r=ropa/create
---
2013/03/21 17:17:19 [error] [exception.CHttpException.404] exception 'CHttpException' with message 'The requested page does not exist.' in /Applications/XAMPP/xamppfiles/htdocs/josecuervo/protected/controllers/RopaController.php:160
Stack trace:
#0 /Applications/XAMPP/xamppfiles/htdocs/josecuervo/protected/controllers/RopaController.php(54): RopaController->loadModel('1')
#1 [internal function]: RopaController->actionView('1')
#2 /Applications/XAMPP/xamppfiles/htdocs/yii-1.1.10.r3566/framework/web/actions/CAction.php(107): ReflectionMethod->invokeArgs(Object(RopaController), Array)
#3 /Applications/XAMPP/xamppfiles/htdocs/yii-1.1.10.r3566/framework/web/actions/CInlineAction.php(48): CAction->runWithParamsInternal(Object(RopaController), Object(ReflectionMethod), Array)
#4 /Applications/XAMPP/xamppfiles/htdocs/yii-1.1.10.r3566/framework/web/CController.php(309): CInlineAction->runWithParams(Array)
#5 /Applications/XAMPP/xamppfiles/htdocs/yii-1.1.10.r3566/framework/web/filters/CFilterChain.php(134): CController->runAction(Object(CInlineAction))
#6 /Applications/XAMPP/xamppfiles/htdocs/yii-1.1.10.r3566/framework/web/filters/CFilter.php(41): CFilterChain->run()
#7 /Applications/XAMPP/xamppfiles/htdocs/yii-1.1.10.r3566/framework/web/CController.php(1146): CFilter->filter(Object(CFilterChain))
#8 /Applications/XAMPP/xamppfiles/htdocs/yii-1.1.10.r3566/framework/web/filters/CInlineFilter.php(59): CController->filterAccessControl(Object(CFilterChain))
#9 /Applications/XAMPP/xamppfiles/htdocs/yii-1.1.10.r3566/framework/web/filters/CFilterChain.php(131): CInlineFilter->filter(Object(CFilterChain))
#10 /Applications/XAMPP/xamppfiles/htdocs/yii-1.1.10.r3566/framework/web/CController.php(292): CFilterChain->run()
#11 /Applications/XAMPP/xamppfiles/htdocs/yii-1.1.10.r3566/framework/web/CController.php(266): CController->runActionWithFilters(Object(CInlineAction), Array)
#12 /Applications/XAMPP/xamppfiles/htdocs/yii-1.1.10.r3566/framework/web/CWebApplication.php(276): CController->run('view')
#13 /Applications/XAMPP/xamppfiles/htdocs/yii-1.1.10.r3566/framework/web/CWebApplication.php(135): CWebApplication->runController('ropa/view')
#14 /Applications/XAMPP/xamppfiles/htdocs/yii-1.1.10.r3566/framework/base/CApplication.php(162): CWebApplication->processRequest()
#15 /Applications/XAMPP/xamppfiles/htdocs/josecuervo/index.php(13): CApplication->run()
#16 {main}
REQUEST_URI=/josecuervo/index.php?r=ropa/view&id=1
---
2013/03/21 17:18:54 [warning] [application] Failed to set unsafe attribute "id_ropa" of "Ropa".
in /Applications/XAMPP/xamppfiles/htdocs/josecuervo/protected/controllers/RopaController.php (71)
in /Applications/XAMPP/xamppfiles/htdocs/josecuervo/index.php (13)
2013/03/21 17:18:54 [error] [system.db.CDbCommand] CDbCommand::execute() failed: SQLSTATE[23000]: Integrity constraint violation: 1452 Cannot add or update a child row: a foreign key constraint fails (`jcuervodb`.`tbl_ropa`, CONSTRAINT `fk_tbl_ropa_tbl_tipo_ropa1` FOREIGN KEY (`id_tipo_ropa`) REFERENCES `tbl_tipo_ropa` (`id_tipo_ropa`) ON DELETE CASCADE ON UPDATE CASCADE). The SQL statement executed was: INSERT INTO `tbl_ropa` (`url`, `complexion`) VALUES (:yp0, :yp1).
in /Applications/XAMPP/xamppfiles/htdocs/josecuervo/protected/controllers/RopaController.php (72)
in /Applications/XAMPP/xamppfiles/htdocs/josecuervo/index.php (13)
2013/03/21 17:18:54 [error] [exception.CDbException] exception 'CDbException' with message 'CDbCommand failed to execute the SQL statement: SQLSTATE[23000]: Integrity constraint violation: 1452 Cannot add or update a child row: a foreign key constraint fails (`jcuervodb`.`tbl_ropa`, CONSTRAINT `fk_tbl_ropa_tbl_tipo_ropa1` FOREIGN KEY (`id_tipo_ropa`) REFERENCES `tbl_tipo_ropa` (`id_tipo_ropa`) ON DELETE CASCADE ON UPDATE CASCADE). The SQL statement executed was: INSERT INTO `tbl_ropa` (`url`, `complexion`) VALUES (:yp0, :yp1)' in /Applications/XAMPP/xamppfiles/htdocs/yii-1.1.10.r3566/framework/db/CDbCommand.php:354
Stack trace:
#0 /Applications/XAMPP/xamppfiles/htdocs/yii-1.1.10.r3566/framework/db/ar/CActiveRecord.php(1014): CDbCommand->execute()
#1 /Applications/XAMPP/xamppfiles/htdocs/yii-1.1.10.r3566/framework/db/ar/CActiveRecord.php(787): CActiveRecord->insert(NULL)
#2 /Applications/XAMPP/xamppfiles/htdocs/josecuervo/protected/controllers/RopaController.php(72): CActiveRecord->save()
#3 /Applications/XAMPP/xamppfiles/htdocs/yii-1.1.10.r3566/framework/web/actions/CInlineAction.php(50): RopaController->actionCreate()
#4 /Applications/XAMPP/xamppfiles/htdocs/yii-1.1.10.r3566/framework/web/CController.php(309): CInlineAction->runWithParams(Array)
#5 /Applications/XAMPP/xamppfiles/htdocs/yii-1.1.10.r3566/framework/web/filters/CFilterChain.php(134): CController->runAction(Object(CInlineAction))
#6 /Applications/XAMPP/xamppfiles/htdocs/yii-1.1.10.r3566/framework/web/filters/CFilter.php(41): CFilterChain->run()
#7 /Applications/XAMPP/xamppfiles/htdocs/yii-1.1.10.r3566/framework/web/CController.php(1146): CFilter->filter(Object(CFilterChain))
#8 /Applications/XAMPP/xamppfiles/htdocs/yii-1.1.10.r3566/framework/web/filters/CInlineFilter.php(59): CController->filterAccessControl(Object(CFilterChain))
#9 /Applications/XAMPP/xamppfiles/htdocs/yii-1.1.10.r3566/framework/web/filters/CFilterChain.php(131): CInlineFilter->filter(Object(CFilterChain))
#10 /Applications/XAMPP/xamppfiles/htdocs/yii-1.1.10.r3566/framework/web/CController.php(292): CFilterChain->run()
#11 /Applications/XAMPP/xamppfiles/htdocs/yii-1.1.10.r3566/framework/web/CController.php(266): CController->runActionWithFilters(Object(CInlineAction), Array)
#12 /Applications/XAMPP/xamppfiles/htdocs/yii-1.1.10.r3566/framework/web/CWebApplication.php(276): CController->run('create')
#13 /Applications/XAMPP/xamppfiles/htdocs/yii-1.1.10.r3566/framework/web/CWebApplication.php(135): CWebApplication->runController('ropa/create')
#14 /Applications/XAMPP/xamppfiles/htdocs/yii-1.1.10.r3566/framework/base/CApplication.php(162): CWebApplication->processRequest()
#15 /Applications/XAMPP/xamppfiles/htdocs/josecuervo/index.php(13): CApplication->run()
#16 {main}
REQUEST_URI=/josecuervo/index.php?r=ropa/create
HTTP_REFERER=http://localhost/josecuervo/index.php?r=ropa/create
---
2013/03/21 17:24:36 [warning] [application] Failed to set unsafe attribute "id_ropa" of "Ropa".
in /Applications/XAMPP/xamppfiles/htdocs/josecuervo/protected/controllers/RopaController.php (71)
in /Applications/XAMPP/xamppfiles/htdocs/josecuervo/index.php (13)
2013/03/21 17:24:36 [error] [system.db.CDbCommand] CDbCommand::execute() failed: SQLSTATE[23000]: Integrity constraint violation: 1452 Cannot add or update a child row: a foreign key constraint fails (`jcuervodb`.`tbl_ropa`, CONSTRAINT `tbl_ropa_ibfk_1` FOREIGN KEY (`id_tipo_ropa`) REFERENCES `tbl_tipo_ropa` (`id_tipo_ropa`) ON DELETE CASCADE ON UPDATE NO ACTION). The SQL statement executed was: INSERT INTO `tbl_ropa` (`url`, `complexion`) VALUES (:yp0, :yp1).
in /Applications/XAMPP/xamppfiles/htdocs/josecuervo/protected/controllers/RopaController.php (72)
in /Applications/XAMPP/xamppfiles/htdocs/josecuervo/index.php (13)
2013/03/21 17:24:36 [error] [exception.CDbException] exception 'CDbException' with message 'CDbCommand failed to execute the SQL statement: SQLSTATE[23000]: Integrity constraint violation: 1452 Cannot add or update a child row: a foreign key constraint fails (`jcuervodb`.`tbl_ropa`, CONSTRAINT `tbl_ropa_ibfk_1` FOREIGN KEY (`id_tipo_ropa`) REFERENCES `tbl_tipo_ropa` (`id_tipo_ropa`) ON DELETE CASCADE ON UPDATE NO ACTION). The SQL statement executed was: INSERT INTO `tbl_ropa` (`url`, `complexion`) VALUES (:yp0, :yp1)' in /Applications/XAMPP/xamppfiles/htdocs/yii-1.1.10.r3566/framework/db/CDbCommand.php:354
Stack trace:
#0 /Applications/XAMPP/xamppfiles/htdocs/yii-1.1.10.r3566/framework/db/ar/CActiveRecord.php(1014): CDbCommand->execute()
#1 /Applications/XAMPP/xamppfiles/htdocs/yii-1.1.10.r3566/framework/db/ar/CActiveRecord.php(787): CActiveRecord->insert(NULL)
#2 /Applications/XAMPP/xamppfiles/htdocs/josecuervo/protected/controllers/RopaController.php(72): CActiveRecord->save()
#3 /Applications/XAMPP/xamppfiles/htdocs/yii-1.1.10.r3566/framework/web/actions/CInlineAction.php(50): RopaController->actionCreate()
#4 /Applications/XAMPP/xamppfiles/htdocs/yii-1.1.10.r3566/framework/web/CController.php(309): CInlineAction->runWithParams(Array)
#5 /Applications/XAMPP/xamppfiles/htdocs/yii-1.1.10.r3566/framework/web/filters/CFilterChain.php(134): CController->runAction(Object(CInlineAction))
#6 /Applications/XAMPP/xamppfiles/htdocs/yii-1.1.10.r3566/framework/web/filters/CFilter.php(41): CFilterChain->run()
#7 /Applications/XAMPP/xamppfiles/htdocs/yii-1.1.10.r3566/framework/web/CController.php(1146): CFilter->filter(Object(CFilterChain))
#8 /Applications/XAMPP/xamppfiles/htdocs/yii-1.1.10.r3566/framework/web/filters/CInlineFilter.php(59): CController->filterAccessControl(Object(CFilterChain))
#9 /Applications/XAMPP/xamppfiles/htdocs/yii-1.1.10.r3566/framework/web/filters/CFilterChain.php(131): CInlineFilter->filter(Object(CFilterChain))
#10 /Applications/XAMPP/xamppfiles/htdocs/yii-1.1.10.r3566/framework/web/CController.php(292): CFilterChain->run()
#11 /Applications/XAMPP/xamppfiles/htdocs/yii-1.1.10.r3566/framework/web/CController.php(266): CController->runActionWithFilters(Object(CInlineAction), Array)
#12 /Applications/XAMPP/xamppfiles/htdocs/yii-1.1.10.r3566/framework/web/CWebApplication.php(276): CController->run('create')
#13 /Applications/XAMPP/xamppfiles/htdocs/yii-1.1.10.r3566/framework/web/CWebApplication.php(135): CWebApplication->runController('ropa/create')
#14 /Applications/XAMPP/xamppfiles/htdocs/yii-1.1.10.r3566/framework/base/CApplication.php(162): CWebApplication->processRequest()
#15 /Applications/XAMPP/xamppfiles/htdocs/josecuervo/index.php(13): CApplication->run()
#16 {main}
REQUEST_URI=/josecuervo/index.php?r=ropa/create
HTTP_REFERER=http://localhost/josecuervo/index.php?r=ropa/create
---
2013/03/21 18:51:20 [error] [exception.CHttpException.404] exception 'CHttpException' with message 'Unable to resolve the request "cara".' in /Applications/XAMPP/xamppfiles/htdocs/yii-1.1.10.r3566/framework/web/CWebApplication.php:280
Stack trace:
#0 /Applications/XAMPP/xamppfiles/htdocs/yii-1.1.10.r3566/framework/web/CWebApplication.php(135): CWebApplication->runController('cara')
#1 /Applications/XAMPP/xamppfiles/htdocs/yii-1.1.10.r3566/framework/base/CApplication.php(162): CWebApplication->processRequest()
#2 /Applications/XAMPP/xamppfiles/htdocs/josecuervo/index.php(13): CApplication->run()
#3 {main}
REQUEST_URI=/josecuervo/index.php?r=cara
---
2013/03/21 18:52:07 [error] [exception.CHttpException.404] exception 'CHttpException' with message 'Unable to resolve the request "tipocara".' in /Applications/XAMPP/xamppfiles/htdocs/yii-1.1.10.r3566/framework/web/CWebApplication.php:280
Stack trace:
#0 /Applications/XAMPP/xamppfiles/htdocs/yii-1.1.10.r3566/framework/web/CWebApplication.php(135): CWebApplication->runController('tipocara')
#1 /Applications/XAMPP/xamppfiles/htdocs/yii-1.1.10.r3566/framework/base/CApplication.php(162): CWebApplication->processRequest()
#2 /Applications/XAMPP/xamppfiles/htdocs/josecuervo/index.php(13): CApplication->run()
#3 {main}
REQUEST_URI=/josecuervo/index.php?r=tipocara
---
2013/03/21 18:52:33 [warning] [application] Failed to set unsafe attribute "css" of "TipoCara".
in /Applications/XAMPP/xamppfiles/htdocs/josecuervo/protected/controllers/TipocaraController.php (71)
in /Applications/XAMPP/xamppfiles/htdocs/josecuervo/index.php (13)
2013/03/21 18:53:04 [warning] [application] Failed to set unsafe attribute "css" of "TipoCara".
in /Applications/XAMPP/xamppfiles/htdocs/josecuervo/protected/controllers/TipocaraController.php (71)
in /Applications/XAMPP/xamppfiles/htdocs/josecuervo/index.php (13)
2013/03/21 18:54:02 [error] [exception.CException] exception 'CException' with message 'Property "Cara.TipoCara" is not defined.' in /Applications/XAMPP/xamppfiles/htdocs/yii-1.1.10.r3566/framework/base/CComponent.php:131
Stack trace:
#0 /Applications/XAMPP/xamppfiles/htdocs/yii-1.1.10.r3566/framework/db/ar/CActiveRecord.php(144): CComponent->__get('TipoCara')
#1 /Applications/XAMPP/xamppfiles/htdocs/josecuervo/protected/views/cara/_view.php(12): CActiveRecord->__get('TipoCara')
#2 /Applications/XAMPP/xamppfiles/htdocs/yii-1.1.10.r3566/framework/web/CBaseController.php(127): require('/Applications/X...')
#3 /Applications/XAMPP/xamppfiles/htdocs/yii-1.1.10.r3566/framework/web/CBaseController.php(96): CBaseController->renderInternal('/Applications/X...', Array, true)
#4 /Applications/XAMPP/xamppfiles/htdocs/yii-1.1.10.r3566/framework/web/CController.php(870): CBaseController->renderFile('/Applications/X...', Array, true)
#5 /Applications/XAMPP/xamppfiles/htdocs/yii-1.1.10.r3566/framework/zii/widgets/CListView.php(242): CController->renderPartial('_view', Array)
#6 /Applications/XAMPP/xamppfiles/htdocs/yii-1.1.10.r3566/framework/zii/widgets/CBaseListView.php(158): CListView->renderItems()
#7 [internal function]: CBaseListView->renderSection(Array)
#8 /Applications/XAMPP/xamppfiles/htdocs/yii-1.1.10.r3566/framework/zii/widgets/CBaseListView.php(141): preg_replace_callback('/{(\w+)}/', Array, '{summary}?{sort...')
#9 /Applications/XAMPP/xamppfiles/htdocs/yii-1.1.10.r3566/framework/zii/widgets/CBaseListView.php(126): CBaseListView->renderContent()
#10 /Applications/XAMPP/xamppfiles/htdocs/yii-1.1.10.r3566/framework/web/CBaseController.php(174): CBaseListView->run()
#11 /Applications/XAMPP/xamppfiles/htdocs/josecuervo/protected/views/cara/index.php(17): CBaseController->widget('zii.widgets.CLi...', Array)
#12 /Applications/XAMPP/xamppfiles/htdocs/yii-1.1.10.r3566/framework/web/CBaseController.php(127): require('/Applications/X...')
#13 /Applications/XAMPP/xamppfiles/htdocs/yii-1.1.10.r3566/framework/web/CBaseController.php(96): CBaseController->renderInternal('/Applications/X...', Array, true)
#14 /Applications/XAMPP/xamppfiles/htdocs/yii-1.1.10.r3566/framework/web/CController.php(870): CBaseController->renderFile('/Applications/X...', Array, true)
#15 /Applications/XAMPP/xamppfiles/htdocs/yii-1.1.10.r3566/framework/web/CController.php(783): CController->renderPartial('index', Array, true)
#16 /Applications/XAMPP/xamppfiles/htdocs/josecuervo/protected/controllers/CaraController.php(133): CController->render('index', Array)
#17 /Applications/XAMPP/xamppfiles/htdocs/yii-1.1.10.r3566/framework/web/actions/CInlineAction.php(50): CaraController->actionIndex()
#18 /Applications/XAMPP/xamppfiles/htdocs/yii-1.1.10.r3566/framework/web/CController.php(309): CInlineAction->runWithParams(Array)
#19 /Applications/XAMPP/xamppfiles/htdocs/yii-1.1.10.r3566/framework/web/filters/CFilterChain.php(134): CController->runAction(Object(CInlineAction))
#20 /Applications/XAMPP/xamppfiles/htdocs/yii-1.1.10.r3566/framework/web/filters/CFilter.php(41): CFilterChain->run()
#21 /Applications/XAMPP/xamppfiles/htdocs/yii-1.1.10.r3566/framework/web/CController.php(1146): CFilter->filter(Object(CFilterChain))
#22 /Applications/XAMPP/xamppfiles/htdocs/yii-1.1.10.r3566/framework/web/filters/CInlineFilter.php(59): CController->filterAccessControl(Object(CFilterChain))
#23 /Applications/XAMPP/xamppfiles/htdocs/yii-1.1.10.r3566/framework/web/filters/CFilterChain.php(131): CInlineFilter->filter(Object(CFilterChain))
#24 /Applications/XAMPP/xamppfiles/htdocs/yii-1.1.10.r3566/framework/web/CController.php(292): CFilterChain->run()
#25 /Applications/XAMPP/xamppfiles/htdocs/yii-1.1.10.r3566/framework/web/CController.php(266): CController->runActionWithFilters(Object(CInlineAction), Array)
#26 /Applications/XAMPP/xamppfiles/htdocs/yii-1.1.10.r3566/framework/web/CWebApplication.php(276): CController->run('')
#27 /Applications/XAMPP/xamppfiles/htdocs/yii-1.1.10.r3566/framework/web/CWebApplication.php(135): CWebApplication->runController('cara')
#28 /Applications/XAMPP/xamppfiles/htdocs/yii-1.1.10.r3566/framework/base/CApplication.php(162): CWebApplication->processRequest()
#29 /Applications/XAMPP/xamppfiles/htdocs/josecuervo/index.php(13): CApplication->run()
#30 {main}
REQUEST_URI=/josecuervo/index.php?r=cara
---
2013/03/21 18:54:55 [error] [exception.CHttpException.404] exception 'CHttpException' with message 'Unable to resolve the request "usuarios".' in /Applications/XAMPP/xamppfiles/htdocs/yii-1.1.10.r3566/framework/web/CWebApplication.php:280
Stack trace:
#0 /Applications/XAMPP/xamppfiles/htdocs/yii-1.1.10.r3566/framework/web/CWebApplication.php(135): CWebApplication->runController('usuarios')
#1 /Applications/XAMPP/xamppfiles/htdocs/yii-1.1.10.r3566/framework/base/CApplication.php(162): CWebApplication->processRequest()
#2 /Applications/XAMPP/xamppfiles/htdocs/josecuervo/index.php(13): CApplication->run()
#3 {main}
REQUEST_URI=/josecuervo/index.php?r=usuarios
---
2013/03/21 19:00:20 [error] [exception.CException] exception 'CException' with message 'Usuarios has an invalid validation rule. The rule must specify attributes to be validated and the validator name.' in /Applications/XAMPP/xamppfiles/htdocs/yii-1.1.10.r3566/framework/base/CModel.php:287
Stack trace:
#0 /Applications/XAMPP/xamppfiles/htdocs/yii-1.1.10.r3566/framework/base/CModel.php(259): CModel->createValidators()
#1 /Applications/XAMPP/xamppfiles/htdocs/yii-1.1.10.r3566/framework/base/CModel.php(544): CModel->getValidators()
#2 /Applications/XAMPP/xamppfiles/htdocs/yii-1.1.10.r3566/framework/base/CModel.php(466): CModel->getSafeAttributeNames()
#3 /Applications/XAMPP/xamppfiles/htdocs/yii-1.1.10.r3566/framework/base/CComponent.php(153): CModel->setAttributes(Array)
#4 /Applications/XAMPP/xamppfiles/htdocs/yii-1.1.10.r3566/framework/db/ar/CActiveRecord.php(160): CComponent->__set('attributes', Array)
#5 /Applications/XAMPP/xamppfiles/htdocs/josecuervo/protected/controllers/UsuariosController.php(71): CActiveRecord->__set('attributes', Array)
#6 /Applications/XAMPP/xamppfiles/htdocs/yii-1.1.10.r3566/framework/web/actions/CInlineAction.php(50): UsuariosController->actionCreate()
#7 /Applications/XAMPP/xamppfiles/htdocs/yii-1.1.10.r3566/framework/web/CController.php(309): CInlineAction->runWithParams(Array)
#8 /Applications/XAMPP/xamppfiles/htdocs/yii-1.1.10.r3566/framework/web/filters/CFilterChain.php(134): CController->runAction(Object(CInlineAction))
#9 /Applications/XAMPP/xamppfiles/htdocs/yii-1.1.10.r3566/framework/web/filters/CFilter.php(41): CFilterChain->run()
#10 /Applications/XAMPP/xamppfiles/htdocs/yii-1.1.10.r3566/framework/web/CController.php(1146): CFilter->filter(Object(CFilterChain))
#11 /Applications/XAMPP/xamppfiles/htdocs/yii-1.1.10.r3566/framework/web/filters/CInlineFilter.php(59): CController->filterAccessControl(Object(CFilterChain))
#12 /Applications/XAMPP/xamppfiles/htdocs/yii-1.1.10.r3566/framework/web/filters/CFilterChain.php(131): CInlineFilter->filter(Object(CFilterChain))
#13 /Applications/XAMPP/xamppfiles/htdocs/yii-1.1.10.r3566/framework/web/CController.php(292): CFilterChain->run()
#14 /Applications/XAMPP/xamppfiles/htdocs/yii-1.1.10.r3566/framework/web/CController.php(266): CController->runActionWithFilters(Object(CInlineAction), Array)
#15 /Applications/XAMPP/xamppfiles/htdocs/yii-1.1.10.r3566/framework/web/CWebApplication.php(276): CController->run('create')
#16 /Applications/XAMPP/xamppfiles/htdocs/yii-1.1.10.r3566/framework/web/CWebApplication.php(135): CWebApplication->runController('usuarios/create')
#17 /Applications/XAMPP/xamppfiles/htdocs/yii-1.1.10.r3566/framework/base/CApplication.php(162): CWebApplication->processRequest()
#18 /Applications/XAMPP/xamppfiles/htdocs/josecuervo/index.php(13): CApplication->run()
#19 {main}
REQUEST_URI=/josecuervo/index.php?r=usuarios/create
HTTP_REFERER=http://localhost/josecuervo/index.php?r=usuarios/create
---
2013/03/21 20:07:50 [error] [exception.CHttpException.404] exception 'CHttpException' with message 'The requested page does not exist.' in /Applications/XAMPP/xamppfiles/htdocs/josecuervo/protected/controllers/UsuariosController.php:160
Stack trace:
#0 /Applications/XAMPP/xamppfiles/htdocs/josecuervo/protected/controllers/UsuariosController.php(54): UsuariosController->loadModel('1')
#1 [internal function]: UsuariosController->actionView('1')
#2 /Applications/XAMPP/xamppfiles/htdocs/yii-1.1.10.r3566/framework/web/actions/CAction.php(107): ReflectionMethod->invokeArgs(Object(UsuariosController), Array)
#3 /Applications/XAMPP/xamppfiles/htdocs/yii-1.1.10.r3566/framework/web/actions/CInlineAction.php(48): CAction->runWithParamsInternal(Object(UsuariosController), Object(ReflectionMethod), Array)
#4 /Applications/XAMPP/xamppfiles/htdocs/yii-1.1.10.r3566/framework/web/CController.php(309): CInlineAction->runWithParams(Array)
#5 /Applications/XAMPP/xamppfiles/htdocs/yii-1.1.10.r3566/framework/web/filters/CFilterChain.php(134): CController->runAction(Object(CInlineAction))
#6 /Applications/XAMPP/xamppfiles/htdocs/yii-1.1.10.r3566/framework/web/filters/CFilter.php(41): CFilterChain->run()
#7 /Applications/XAMPP/xamppfiles/htdocs/yii-1.1.10.r3566/framework/web/CController.php(1146): CFilter->filter(Object(CFilterChain))
#8 /Applications/XAMPP/xamppfiles/htdocs/yii-1.1.10.r3566/framework/web/filters/CInlineFilter.php(59): CController->filterAccessControl(Object(CFilterChain))
#9 /Applications/XAMPP/xamppfiles/htdocs/yii-1.1.10.r3566/framework/web/filters/CFilterChain.php(131): CInlineFilter->filter(Object(CFilterChain))
#10 /Applications/XAMPP/xamppfiles/htdocs/yii-1.1.10.r3566/framework/web/CController.php(292): CFilterChain->run()
#11 /Applications/XAMPP/xamppfiles/htdocs/yii-1.1.10.r3566/framework/web/CController.php(266): CController->runActionWithFilters(Object(CInlineAction), Array)
#12 /Applications/XAMPP/xamppfiles/htdocs/yii-1.1.10.r3566/framework/web/CWebApplication.php(276): CController->run('view')
#13 /Applications/XAMPP/xamppfiles/htdocs/yii-1.1.10.r3566/framework/web/CWebApplication.php(135): CWebApplication->runController('usuarios/view')
#14 /Applications/XAMPP/xamppfiles/htdocs/yii-1.1.10.r3566/framework/base/CApplication.php(162): CWebApplication->processRequest()
#15 /Applications/XAMPP/xamppfiles/htdocs/josecuervo/index.php(13): CApplication->run()
#16 {main}
REQUEST_URI=/josecuervo/index.php?r=usuarios/view&id=1
HTTP_REFERER=http://localhost/josecuervo/index.php?r=usuarios/create
---
2013/03/21 20:09:11 [error] [exception.CHttpException.404] exception 'CHttpException' with message 'Unable to resolve the request "memes".' in /Applications/XAMPP/xamppfiles/htdocs/yii-1.1.10.r3566/framework/web/CWebApplication.php:280
Stack trace:
#0 /Applications/XAMPP/xamppfiles/htdocs/yii-1.1.10.r3566/framework/web/CWebApplication.php(135): CWebApplication->runController('memes')
#1 /Applications/XAMPP/xamppfiles/htdocs/yii-1.1.10.r3566/framework/base/CApplication.php(162): CWebApplication->processRequest()
#2 /Applications/XAMPP/xamppfiles/htdocs/josecuervo/index.php(13): CApplication->run()
#3 {main}
REQUEST_URI=/josecuervo/index.php?r=memes
---
2013/03/21 20:21:25 [error] [system.db.CDbCommand] CDbCommand::execute() failed: SQLSTATE[23000]: Integrity constraint violation: 1451 Cannot delete or update a parent row: a foreign key constraint fails (`jcuervodb`.`tbl_usuarios_has_tbl_memes`, CONSTRAINT `fk_tbl_usuarios_has_tbl_memes_tbl_memes1` FOREIGN KEY (`memes_id`) REFERENCES `tbl_memes` (`id_meme`) ON DELETE NO ACTION ON UPDATE NO ACT). The SQL statement executed was: DELETE FROM `tbl_memes` WHERE `tbl_memes`.`id_meme`=1.
in /Applications/XAMPP/xamppfiles/htdocs/josecuervo/protected/controllers/MemesController.php (115)
in /Applications/XAMPP/xamppfiles/htdocs/josecuervo/index.php (13)
2013/03/21 20:21:25 [error] [exception.CDbException] exception 'CDbException' with message 'CDbCommand failed to execute the SQL statement: SQLSTATE[23000]: Integrity constraint violation: 1451 Cannot delete or update a parent row: a foreign key constraint fails (`jcuervodb`.`tbl_usuarios_has_tbl_memes`, CONSTRAINT `fk_tbl_usuarios_has_tbl_memes_tbl_memes1` FOREIGN KEY (`memes_id`) REFERENCES `tbl_memes` (`id_meme`) ON DELETE NO ACTION ON UPDATE NO ACT). The SQL statement executed was: DELETE FROM `tbl_memes` WHERE `tbl_memes`.`id_meme`=1' in /Applications/XAMPP/xamppfiles/htdocs/yii-1.1.10.r3566/framework/db/CDbCommand.php:354
Stack trace:
#0 /Applications/XAMPP/xamppfiles/htdocs/yii-1.1.10.r3566/framework/db/ar/CActiveRecord.php(1735): CDbCommand->execute()
#1 /Applications/XAMPP/xamppfiles/htdocs/yii-1.1.10.r3566/framework/db/ar/CActiveRecord.php(1159): CActiveRecord->deleteByPk('1')
#2 /Applications/XAMPP/xamppfiles/htdocs/josecuervo/protected/controllers/MemesController.php(115): CActiveRecord->delete()
#3 [internal function]: MemesController->actionDelete('1')
#4 /Applications/XAMPP/xamppfiles/htdocs/yii-1.1.10.r3566/framework/web/actions/CAction.php(107): ReflectionMethod->invokeArgs(Object(MemesController), Array)
#5 /Applications/XAMPP/xamppfiles/htdocs/yii-1.1.10.r3566/framework/web/actions/CInlineAction.php(48): CAction->runWithParamsInternal(Object(MemesController), Object(ReflectionMethod), Array)
#6 /Applications/XAMPP/xamppfiles/htdocs/yii-1.1.10.r3566/framework/web/CController.php(309): CInlineAction->runWithParams(Array)
#7 /Applications/XAMPP/xamppfiles/htdocs/yii-1.1.10.r3566/framework/web/filters/CFilterChain.php(134): CController->runAction(Object(CInlineAction))
#8 /Applications/XAMPP/xamppfiles/htdocs/yii-1.1.10.r3566/framework/web/filters/CFilter.php(41): CFilterChain->run()
#9 /Applications/XAMPP/xamppfiles/htdocs/yii-1.1.10.r3566/framework/web/CController.php(1146): CFilter->filter(Object(CFilterChain))
#10 /Applications/XAMPP/xamppfiles/htdocs/yii-1.1.10.r3566/framework/web/filters/CInlineFilter.php(59): CController->filterAccessControl(Object(CFilterChain))
#11 /Applications/XAMPP/xamppfiles/htdocs/yii-1.1.10.r3566/framework/web/filters/CFilterChain.php(131): CInlineFilter->filter(Object(CFilterChain))
#12 /Applications/XAMPP/xamppfiles/htdocs/yii-1.1.10.r3566/framework/web/CController.php(292): CFilterChain->run()
#13 /Applications/XAMPP/xamppfiles/htdocs/yii-1.1.10.r3566/framework/web/CController.php(266): CController->runActionWithFilters(Object(CInlineAction), Array)
#14 /Applications/XAMPP/xamppfiles/htdocs/yii-1.1.10.r3566/framework/web/CWebApplication.php(276): CController->run('delete')
#15 /Applications/XAMPP/xamppfiles/htdocs/yii-1.1.10.r3566/framework/web/CWebApplication.php(135): CWebApplication->runController('memes/delete')
#16 /Applications/XAMPP/xamppfiles/htdocs/yii-1.1.10.r3566/framework/base/CApplication.php(162): CWebApplication->processRequest()
#17 /Applications/XAMPP/xamppfiles/htdocs/josecuervo/index.php(13): CApplication->run()
#18 {main}
REQUEST_URI=/josecuervo/index.php?r=memes/delete&id=1
HTTP_REFERER=http://localhost/josecuervo/index.php?r=memes/view&id=1
---
2013/03/21 20:53:29 [error] [system.db.CDbCommand] CDbCommand::execute() failed: SQLSTATE[23000]: Integrity constraint violation: 1451 Cannot delete or update a parent row: a foreign key constraint fails (`jcuervodb`.`tbl_usuarios_has_tbl_memes`, CONSTRAINT `fk_tbl_usuarios_has_tbl_memes_tbl_memes1` FOREIGN KEY (`memes_id`) REFERENCES `tbl_memes` (`id_meme`) ON DELETE NO ACTION ON UPDATE NO ACT). The SQL statement executed was: DELETE FROM `tbl_memes` WHERE `tbl_memes`.`id_meme`=1.
in /Applications/XAMPP/xamppfiles/htdocs/josecuervo/protected/controllers/MemesController.php (115)
in /Applications/XAMPP/xamppfiles/htdocs/josecuervo/index.php (13)
2013/03/21 20:53:29 [error] [exception.CDbException] exception 'CDbException' with message 'CDbCommand failed to execute the SQL statement: SQLSTATE[23000]: Integrity constraint violation: 1451 Cannot delete or update a parent row: a foreign key constraint fails (`jcuervodb`.`tbl_usuarios_has_tbl_memes`, CONSTRAINT `fk_tbl_usuarios_has_tbl_memes_tbl_memes1` FOREIGN KEY (`memes_id`) REFERENCES `tbl_memes` (`id_meme`) ON DELETE NO ACTION ON UPDATE NO ACT). The SQL statement executed was: DELETE FROM `tbl_memes` WHERE `tbl_memes`.`id_meme`=1' in /Applications/XAMPP/xamppfiles/htdocs/yii-1.1.10.r3566/framework/db/CDbCommand.php:354
Stack trace:
#0 /Applications/XAMPP/xamppfiles/htdocs/yii-1.1.10.r3566/framework/db/ar/CActiveRecord.php(1735): CDbCommand->execute()
#1 /Applications/XAMPP/xamppfiles/htdocs/yii-1.1.10.r3566/framework/db/ar/CActiveRecord.php(1159): CActiveRecord->deleteByPk('1')
#2 /Applications/XAMPP/xamppfiles/htdocs/josecuervo/protected/controllers/MemesController.php(115): CActiveRecord->delete()
#3 [internal function]: MemesController->actionDelete('1')
#4 /Applications/XAMPP/xamppfiles/htdocs/yii-1.1.10.r3566/framework/web/actions/CAction.php(107): ReflectionMethod->invokeArgs(Object(MemesController), Array)
#5 /Applications/XAMPP/xamppfiles/htdocs/yii-1.1.10.r3566/framework/web/actions/CInlineAction.php(48): CAction->runWithParamsInternal(Object(MemesController), Object(ReflectionMethod), Array)
#6 /Applications/XAMPP/xamppfiles/htdocs/yii-1.1.10.r3566/framework/web/CController.php(309): CInlineAction->runWithParams(Array)
#7 /Applications/XAMPP/xamppfiles/htdocs/yii-1.1.10.r3566/framework/web/filters/CFilterChain.php(134): CController->runAction(Object(CInlineAction))
#8 /Applications/XAMPP/xamppfiles/htdocs/yii-1.1.10.r3566/framework/web/filters/CFilter.php(41): CFilterChain->run()
#9 /Applications/XAMPP/xamppfiles/htdocs/yii-1.1.10.r3566/framework/web/CController.php(1146): CFilter->filter(Object(CFilterChain))
#10 /Applications/XAMPP/xamppfiles/htdocs/yii-1.1.10.r3566/framework/web/filters/CInlineFilter.php(59): CController->filterAccessControl(Object(CFilterChain))
#11 /Applications/XAMPP/xamppfiles/htdocs/yii-1.1.10.r3566/framework/web/filters/CFilterChain.php(131): CInlineFilter->filter(Object(CFilterChain))
#12 /Applications/XAMPP/xamppfiles/htdocs/yii-1.1.10.r3566/framework/web/CController.php(292): CFilterChain->run()
#13 /Applications/XAMPP/xamppfiles/htdocs/yii-1.1.10.r3566/framework/web/CController.php(266): CController->runActionWithFilters(Object(CInlineAction), Array)
#14 /Applications/XAMPP/xamppfiles/htdocs/yii-1.1.10.r3566/framework/web/CWebApplication.php(276): CController->run('delete')
#15 /Applications/XAMPP/xamppfiles/htdocs/yii-1.1.10.r3566/framework/web/CWebApplication.php(135): CWebApplication->runController('memes/delete')
#16 /Applications/XAMPP/xamppfiles/htdocs/yii-1.1.10.r3566/framework/base/CApplication.php(162): CWebApplication->processRequest()
#17 /Applications/XAMPP/xamppfiles/htdocs/josecuervo/index.php(13): CApplication->run()
#18 {main}
REQUEST_URI=/josecuervo/index.php?r=memes/delete&id=1
HTTP_REFERER=http://localhost/josecuervo/index.php?r=memes/view&id=1
---
2013/03/21 20:55:03 [error] [exception.CHttpException.404] exception 'CHttpException' with message 'The requested page does not exist.' in /Applications/XAMPP/xamppfiles/htdocs/josecuervo/protected/controllers/MemesController.php:160
Stack trace:
#0 /Applications/XAMPP/xamppfiles/htdocs/josecuervo/protected/controllers/MemesController.php(54): MemesController->loadModel('1')
#1 [internal function]: MemesController->actionView('1')
#2 /Applications/XAMPP/xamppfiles/htdocs/yii-1.1.10.r3566/framework/web/actions/CAction.php(107): ReflectionMethod->invokeArgs(Object(MemesController), Array)
#3 /Applications/XAMPP/xamppfiles/htdocs/yii-1.1.10.r3566/framework/web/actions/CInlineAction.php(48): CAction->runWithParamsInternal(Object(MemesController), Object(ReflectionMethod), Array)
#4 /Applications/XAMPP/xamppfiles/htdocs/yii-1.1.10.r3566/framework/web/CController.php(309): CInlineAction->runWithParams(Array)
#5 /Applications/XAMPP/xamppfiles/htdocs/yii-1.1.10.r3566/framework/web/filters/CFilterChain.php(134): CController->runAction(Object(CInlineAction))
#6 /Applications/XAMPP/xamppfiles/htdocs/yii-1.1.10.r3566/framework/web/filters/CFilter.php(41): CFilterChain->run()
#7 /Applications/XAMPP/xamppfiles/htdocs/yii-1.1.10.r3566/framework/web/CController.php(1146): CFilter->filter(Object(CFilterChain))
#8 /Applications/XAMPP/xamppfiles/htdocs/yii-1.1.10.r3566/framework/web/filters/CInlineFilter.php(59): CController->filterAccessControl(Object(CFilterChain))
#9 /Applications/XAMPP/xamppfiles/htdocs/yii-1.1.10.r3566/framework/web/filters/CFilterChain.php(131): CInlineFilter->filter(Object(CFilterChain))
#10 /Applications/XAMPP/xamppfiles/htdocs/yii-1.1.10.r3566/framework/web/CController.php(292): CFilterChain->run()
#11 /Applications/XAMPP/xamppfiles/htdocs/yii-1.1.10.r3566/framework/web/CController.php(266): CController->runActionWithFilters(Object(CInlineAction), Array)
#12 /Applications/XAMPP/xamppfiles/htdocs/yii-1.1.10.r3566/framework/web/CWebApplication.php(276): CController->run('view')
#13 /Applications/XAMPP/xamppfiles/htdocs/yii-1.1.10.r3566/framework/web/CWebApplication.php(135): CWebApplication->runController('memes/view')
#14 /Applications/XAMPP/xamppfiles/htdocs/yii-1.1.10.r3566/framework/base/CApplication.php(162): CWebApplication->processRequest()
#15 /Applications/XAMPP/xamppfiles/htdocs/josecuervo/index.php(13): CApplication->run()
#16 {main}
REQUEST_URI=/josecuervo/index.php?r=memes/view&id=1
HTTP_REFERER=http://localhost/josecuervo/index.php?r=memes
---
2013/03/21 20:55:33 [error] [system.db.CDbCommand] CDbCommand::execute() failed: SQLSTATE[23000]: Integrity constraint violation: 1451 Cannot delete or update a parent row: a foreign key constraint fails (`jcuervodb`.`tbl_usuarios_has_tbl_memes`, CONSTRAINT `fk_tbl_usuarios_has_tbl_memes_tbl_memes1` FOREIGN KEY (`memes_id`) REFERENCES `tbl_memes` (`id_meme`) ON DELETE NO ACTION ON UPDATE NO ACT). The SQL statement executed was: DELETE FROM `tbl_memes` WHERE `tbl_memes`.`id_meme`=1.
in /Applications/XAMPP/xamppfiles/htdocs/josecuervo/protected/controllers/MemesController.php (115)
in /Applications/XAMPP/xamppfiles/htdocs/josecuervo/index.php (13)
2013/03/21 20:55:33 [error] [exception.CDbException] exception 'CDbException' with message 'CDbCommand failed to execute the SQL statement: SQLSTATE[23000]: Integrity constraint violation: 1451 Cannot delete or update a parent row: a foreign key constraint fails (`jcuervodb`.`tbl_usuarios_has_tbl_memes`, CONSTRAINT `fk_tbl_usuarios_has_tbl_memes_tbl_memes1` FOREIGN KEY (`memes_id`) REFERENCES `tbl_memes` (`id_meme`) ON DELETE NO ACTION ON UPDATE NO ACT). The SQL statement executed was: DELETE FROM `tbl_memes` WHERE `tbl_memes`.`id_meme`=1' in /Applications/XAMPP/xamppfiles/htdocs/yii-1.1.10.r3566/framework/db/CDbCommand.php:354
Stack trace:
#0 /Applications/XAMPP/xamppfiles/htdocs/yii-1.1.10.r3566/framework/db/ar/CActiveRecord.php(1735): CDbCommand->execute()
#1 /Applications/XAMPP/xamppfiles/htdocs/yii-1.1.10.r3566/framework/db/ar/CActiveRecord.php(1159): CActiveRecord->deleteByPk('1')
#2 /Applications/XAMPP/xamppfiles/htdocs/josecuervo/protected/controllers/MemesController.php(115): CActiveRecord->delete()
#3 [internal function]: MemesController->actionDelete('1')
#4 /Applications/XAMPP/xamppfiles/htdocs/yii-1.1.10.r3566/framework/web/actions/CAction.php(107): ReflectionMethod->invokeArgs(Object(MemesController), Array)
#5 /Applications/XAMPP/xamppfiles/htdocs/yii-1.1.10.r3566/framework/web/actions/CInlineAction.php(48): CAction->runWithParamsInternal(Object(MemesController), Object(ReflectionMethod), Array)
#6 /Applications/XAMPP/xamppfiles/htdocs/yii-1.1.10.r3566/framework/web/CController.php(309): CInlineAction->runWithParams(Array)
#7 /Applications/XAMPP/xamppfiles/htdocs/yii-1.1.10.r3566/framework/web/filters/CFilterChain.php(134): CController->runAction(Object(CInlineAction))
#8 /Applications/XAMPP/xamppfiles/htdocs/yii-1.1.10.r3566/framework/web/filters/CFilter.php(41): CFilterChain->run()
#9 /Applications/XAMPP/xamppfiles/htdocs/yii-1.1.10.r3566/framework/web/CController.php(1146): CFilter->filter(Object(CFilterChain))
#10 /Applications/XAMPP/xamppfiles/htdocs/yii-1.1.10.r3566/framework/web/filters/CInlineFilter.php(59): CController->filterAccessControl(Object(CFilterChain))
#11 /Applications/XAMPP/xamppfiles/htdocs/yii-1.1.10.r3566/framework/web/filters/CFilterChain.php(131): CInlineFilter->filter(Object(CFilterChain))
#12 /Applications/XAMPP/xamppfiles/htdocs/yii-1.1.10.r3566/framework/web/CController.php(292): CFilterChain->run()
#13 /Applications/XAMPP/xamppfiles/htdocs/yii-1.1.10.r3566/framework/web/CController.php(266): CController->runActionWithFilters(Object(CInlineAction), Array)
#14 /Applications/XAMPP/xamppfiles/htdocs/yii-1.1.10.r3566/framework/web/CWebApplication.php(276): CController->run('delete')
#15 /Applications/XAMPP/xamppfiles/htdocs/yii-1.1.10.r3566/framework/web/CWebApplication.php(135): CWebApplication->runController('memes/delete')
#16 /Applications/XAMPP/xamppfiles/htdocs/yii-1.1.10.r3566/framework/base/CApplication.php(162): CWebApplication->processRequest()
#17 /Applications/XAMPP/xamppfiles/htdocs/josecuervo/index.php(13): CApplication->run()
#18 {main}
REQUEST_URI=/josecuervo/index.php?r=memes/delete&id=1
HTTP_REFERER=http://localhost/josecuervo/index.php?r=memes/view&id=1
---
